<?xml version="1.0" encoding="UTF-8"?>
<!-- Generated by org.testng.reporters.JUnitReportReporter -->
<testsuite hostname="LAPTOP-FA2GR7UQ" failures="0" tests="1" name="com.spotify.Tests.PlayListTest" time="2.777" errors="0" timestamp="2023-07-12T18:49:48 IST" skipped="0">
  <testcase classname="com.spotify.Tests.PlayListTest" name="getPlayList" time="2.777"/>
  <system-out/>
</testsuite> <!-- com.spotify.Tests.PlayListTest -->
