<?xml version="1.0" encoding="UTF-8"?>
<!-- Generated by org.testng.reporters.JUnitReportReporter -->
<testsuite hostname="LAPTOP-FA2GR7UQ" failures="0" tests="1" name="spotify.Tests.PlayListTest" time="1.501" errors="0" timestamp="2023-07-10T21:10:25 IST" skipped="0">
  <testcase classname="spotify.Tests.PlayListTest" name="shouldAbleToGetPlayList" time="1.501"/>
  <system-out/>
</testsuite> <!-- spotify.Tests.PlayListTest -->
